Read 5001 URLs, sampling first 10

Sample feature vectors (first 10 values shown)
01. len=16 var=0.246094 first10=[0, 0, 0, 1, 0, 0, 0, 0, 1, 1] url=Domain
02. len=16 var=0.246094 first10=[0, 0, 0, 1, 0, 0, 0, 0, 1, 1] url=eevee.tv
03. len=16 var=0.246094 first10=[0, 0, 0, 1, 0, 0, 0, 0, 1, 1] url=appleid.apple.com-sa.pm
04. len=16 var=0.246094 first10=[0, 0, 0, 1, 0, 0, 0, 0, 1, 1] url=grandcup.xyz
05. len=16 var=0.246094 first10=[0, 0, 0, 1, 0, 0, 0, 0, 1, 1] url=villa-azzurro.com
06. len=16 var=0.246094 first10=[0, 0, 0, 1, 0, 0, 0, 0, 1, 1] url=mygpstrip.net
07. len=16 var=0.234375 first10=[1, 0, 0, 1, 0, 0, 0, 0, 1, 1] url=35.199.84.117
08. len=16 var=0.246094 first10=[0, 0, 0, 1, 0, 0, 0, 0, 1, 1] url=milpitaslions.com
09. len=16 var=0.246094 first10=[0, 0, 0, 1, 0, 0, 0, 0, 1, 1] url=pastimenangqq101.com
10. len=16 var=0.246094 first10=[0, 0, 0, 1, 0, 0, 0, 0, 1, 1] url=firebasestorage.googleapis.com

DataFrame shape: (10, 16)

DataFrame head:
   0   1   2   3   4   5   6   7   8   9   10  11  12  13  14  15
0   0   0   0   1   0   0   0   0   1   1   1   1   1   1   1   1
1   0   0   0   1   0   0   0   0   1   1   1   1   1   1   1   1
2   0   0   0   1   0   0   0   0   1   1   1   1   1   1   1   1
3   0   0   0   1   0   0   0   0   1   1   1   1   1   1   1   1
4   0   0   0   1   0   0   0   0   1   1   1   1   1   1   1   1

Columns with >1 unique values:
[(0, 2)]
Unique rows among sample: 2/10

XGBoost predictions on sample:
[np.float32(2.5079318e-05), np.float32(2.5079318e-05), np.float32(2.5079318e-05), np.float32(2.5079318e-05), np.float32(2.5079318e-05), np.float32(2.5079318e-05), np.float32(2.5079318e-05), np.float32(2.5079318e-05), np.float32(2.5079318e-05), np.float32(2.5079318e-05)]
pred min/max: (2.50793182203779e-05, 2.50793182203779e-05)